10:25:55.525 [main] INFO  cl.bitsoft.vicky.Application - Starting Application using Java 11.0.8 on LAPTOP-KMJSVET0 with PID 9568 (C:\Users\carlo\codely\vicky\target\classes started by carlo in C:\Users\carlo\codely\vicky)
10:25:55.528 [main] INFO  cl.bitsoft.vicky.Application - No active profile set, falling back to default profiles: default
10:25:56.883 [main] INFO  o.s.b.w.e.tomcat.TomcatWebServer - Tomcat initialized with port(s): 8080 (http)
10:25:56.894 [main] INFO  o.a.catalina.core.StandardService - Starting service [Tomcat]
10:25:56.894 [main] INFO  o.a.catalina.core.StandardEngine - Starting Servlet engine: [Apache Tomcat/9.0.39]
10:25:56.974 [main] INFO  o.a.c.c.C.[.[localhost].[/api] - Initializing Spring embedded WebApplicationContext
10:25:56.974 [main] INFO  o.s.b.w.s.c.ServletWebServerApplicationContext - Root WebApplicationContext: initialization completed in 1378 ms
10:25:57.181 [main] INFO  o.s.b.a.s.s.UserDetailsServiceAutoConfiguration - 

Using generated security password: 85c9f38c-a42b-4e44-a539-b29ac5e48b56

10:25:57.228 [main] INFO  o.s.s.web.DefaultSecurityFilterChain - Will secure Ant [pattern='/donativos'] with []
10:25:57.256 [main] INFO  o.s.s.web.DefaultSecurityFilterChain - Will secure any request with [org.springframework.security.web.context.request.async.WebAsyncManagerIntegrationFilter@3728a578, org.springframework.security.web.context.SecurityContextPersistenceFilter@53d2d002, org.springframework.security.web.header.HeaderWriterFilter@2f80cb79, org.springframework.security.web.csrf.CsrfFilter@106b014e, org.springframework.security.web.authentication.logout.LogoutFilter@6f5bd362, org.springframework.security.web.savedrequest.RequestCacheAwareFilter@5820070c, org.springframework.security.web.servletapi.SecurityContextHolderAwareRequestFilter@1d0cac30, org.springframework.security.web.authentication.AnonymousAuthenticationFilter@3e3cd6fe, org.springframework.security.web.session.SessionManagementFilter@1c33e528, org.springframework.security.web.access.ExceptionTranslationFilter@343fddd9, org.springframework.security.web.access.intercept.FilterSecurityInterceptor@2ffe243f]
10:25:57.356 [main] INFO  o.s.s.c.ThreadPoolTaskExecutor - Initializing ExecutorService 'applicationTaskExecutor'
10:25:57.542 [main] INFO  o.s.b.w.e.tomcat.TomcatWebServer - Tomcat started on port(s): 8080 (http) with context path '/api'
10:25:57.553 [main] INFO  cl.bitsoft.vicky.Application - Started Application in 2.613 seconds (JVM running for 3.099)
12:03:11.909 [SpringContextShutdownHook] INFO  o.s.s.c.ThreadPoolTaskExecutor - Shutting down ExecutorService 'applicationTaskExecutor'
15:36:02.468 [main] INFO  cl.bitsoft.vicky.Application - Starting Application using Java 11.0.8 on LAPTOP-KMJSVET0 with PID 14056 (C:\Users\carlo\codely\vicky\target\classes started by carlo in C:\Users\carlo\codely\vicky)
15:36:02.473 [main] INFO  cl.bitsoft.vicky.Application - No active profile set, falling back to default profiles: default
15:36:03.887 [main] INFO  o.s.b.w.e.tomcat.TomcatWebServer - Tomcat initialized with port(s): 8080 (http)
15:36:03.899 [main] INFO  o.a.catalina.core.StandardService - Starting service [Tomcat]
15:36:03.899 [main] INFO  o.a.catalina.core.StandardEngine - Starting Servlet engine: [Apache Tomcat/9.0.39]
15:36:03.990 [main] INFO  o.a.c.c.C.[.[localhost].[/api] - Initializing Spring embedded WebApplicationContext
15:36:03.991 [main] INFO  o.s.b.w.s.c.ServletWebServerApplicationContext - Root WebApplicationContext: initialization completed in 1451 ms
15:36:04.206 [main] INFO  o.s.b.a.s.s.UserDetailsServiceAutoConfiguration - 

Using generated security password: 5e35cf53-b752-4d1b-8289-21d2bd088f99

15:36:04.255 [main] INFO  o.s.s.web.DefaultSecurityFilterChain - Will secure Ant [pattern='/donativos'] with []
15:36:04.286 [main] INFO  o.s.s.web.DefaultSecurityFilterChain - Will secure any request with [org.springframework.security.web.context.request.async.WebAsyncManagerIntegrationFilter@19bedeb8, org.springframework.security.web.context.SecurityContextPersistenceFilter@4e3e11b9, org.springframework.security.web.header.HeaderWriterFilter@7793ad58, org.springframework.security.web.csrf.CsrfFilter@41ef1ea2, org.springframework.security.web.authentication.logout.LogoutFilter@d611f1c, org.springframework.security.web.savedrequest.RequestCacheAwareFilter@214beff9, org.springframework.security.web.servletapi.SecurityContextHolderAwareRequestFilter@3cc30dee, org.springframework.security.web.authentication.AnonymousAuthenticationFilter@1ba467c2, org.springframework.security.web.session.SessionManagementFilter@839df62, org.springframework.security.web.access.ExceptionTranslationFilter@6f5bd362, org.springframework.security.web.access.intercept.FilterSecurityInterceptor@2693c618]
15:36:04.385 [main] INFO  o.s.s.c.ThreadPoolTaskExecutor - Initializing ExecutorService 'applicationTaskExecutor'
15:36:04.594 [main] INFO  o.s.b.w.e.tomcat.TomcatWebServer - Tomcat started on port(s): 8080 (http) with context path '/api'
15:36:04.604 [main] INFO  cl.bitsoft.vicky.Application - Started Application in 2.753 seconds (JVM running for 3.287)
15:36:26.439 [SpringContextShutdownHook] INFO  o.s.s.c.ThreadPoolTaskExecutor - Shutting down ExecutorService 'applicationTaskExecutor'
15:46:42.082 [main] INFO  cl.bitsoft.vicky.Application - Starting Application using Java 11.0.8 on LAPTOP-KMJSVET0 with PID 15892 (C:\Users\carlo\codely\vicky\target\classes started by carlo in C:\Users\carlo\codely\vicky)
15:46:42.084 [main] INFO  cl.bitsoft.vicky.Application - No active profile set, falling back to default profiles: default
15:46:43.395 [main] INFO  o.s.b.w.e.tomcat.TomcatWebServer - Tomcat initialized with port(s): 8080 (http)
15:46:43.408 [main] INFO  o.a.catalina.core.StandardService - Starting service [Tomcat]
15:46:43.408 [main] INFO  o.a.catalina.core.StandardEngine - Starting Servlet engine: [Apache Tomcat/9.0.39]
15:46:43.490 [main] INFO  o.a.c.c.C.[.[localhost].[/api] - Initializing Spring embedded WebApplicationContext
15:46:43.490 [main] INFO  o.s.b.w.s.c.ServletWebServerApplicationContext - Root WebApplicationContext: initialization completed in 1342 ms
15:46:43.664 [main] INFO  o.s.b.a.s.s.UserDetailsServiceAutoConfiguration - 

Using generated security password: 5d4b8544-f8b6-4c17-98d2-205ead51b0c6

15:46:43.708 [main] INFO  o.s.s.web.DefaultSecurityFilterChain - Will secure Ant [pattern='/donativos'] with []
15:46:43.738 [main] INFO  o.s.s.web.DefaultSecurityFilterChain - Will secure any request with [org.springframework.security.web.context.request.async.WebAsyncManagerIntegrationFilter@67eec8e1, org.springframework.security.web.context.SecurityContextPersistenceFilter@16132f21, org.springframework.security.web.header.HeaderWriterFilter@2792b416, org.springframework.security.web.csrf.CsrfFilter@5df63359, org.springframework.security.web.authentication.logout.LogoutFilter@750a04ec, org.springframework.security.web.savedrequest.RequestCacheAwareFilter@4640195a, org.springframework.security.web.servletapi.SecurityContextHolderAwareRequestFilter@839df62, org.springframework.security.web.authentication.AnonymousAuthenticationFilter@4214ae8f, org.springframework.security.web.session.SessionManagementFilter@7793ad58, org.springframework.security.web.access.ExceptionTranslationFilter@2753316c, org.springframework.security.web.access.intercept.FilterSecurityInterceptor@17043b04]
15:46:43.829 [main] INFO  o.s.s.c.ThreadPoolTaskExecutor - Initializing ExecutorService 'applicationTaskExecutor'
15:46:44.003 [main] INFO  o.s.b.w.e.tomcat.TomcatWebServer - Tomcat started on port(s): 8080 (http) with context path '/api'
15:46:44.013 [main] INFO  cl.bitsoft.vicky.Application - Started Application in 2.505 seconds (JVM running for 3.016)
15:46:45.555 [SpringContextShutdownHook] INFO  o.s.s.c.ThreadPoolTaskExecutor - Shutting down ExecutorService 'applicationTaskExecutor'
15:54:46.943 [main] INFO  cl.bitsoft.vicky.Application - Starting Application using Java 11.0.8 on LAPTOP-KMJSVET0 with PID 15936 (C:\Users\carlo\codely\vicky\target\classes started by carlo in C:\Users\carlo\codely\vicky)
15:54:46.946 [main] INFO  cl.bitsoft.vicky.Application - No active profile set, falling back to default profiles: default
15:54:48.326 [main] INFO  o.s.b.w.e.tomcat.TomcatWebServer - Tomcat initialized with port(s): 8080 (http)
15:54:48.338 [main] INFO  o.a.catalina.core.StandardService - Starting service [Tomcat]
15:54:48.338 [main] INFO  o.a.catalina.core.StandardEngine - Starting Servlet engine: [Apache Tomcat/9.0.39]
15:54:48.432 [main] INFO  o.a.c.c.C.[.[localhost].[/api] - Initializing Spring embedded WebApplicationContext
15:54:48.433 [main] INFO  o.s.b.w.s.c.ServletWebServerApplicationContext - Root WebApplicationContext: initialization completed in 1421 ms
15:54:48.634 [main] INFO  o.s.b.a.s.s.UserDetailsServiceAutoConfiguration - 

Using generated security password: 12239e93-90ae-4943-b3ee-eb85a27b7642

15:54:48.681 [main] INFO  o.s.s.web.DefaultSecurityFilterChain - Will secure Ant [pattern='/donativos'] with []
15:54:48.709 [main] INFO  o.s.s.web.DefaultSecurityFilterChain - Will secure any request with [org.springframework.security.web.context.request.async.WebAsyncManagerIntegrationFilter@64da6cbd, org.springframework.security.web.context.SecurityContextPersistenceFilter@9f674ac, org.springframework.security.web.header.HeaderWriterFilter@4eea94a4, org.springframework.security.web.csrf.CsrfFilter@6025d790, org.springframework.security.web.authentication.logout.LogoutFilter@60df7989, org.springframework.security.web.savedrequest.RequestCacheAwareFilter@23cbbd07, org.springframework.security.web.servletapi.SecurityContextHolderAwareRequestFilter@5be052ca, org.springframework.security.web.authentication.AnonymousAuthenticationFilter@72a2312e, org.springframework.security.web.session.SessionManagementFilter@35b17c06, org.springframework.security.web.access.ExceptionTranslationFilter@ed2f2f6, org.springframework.security.web.access.intercept.FilterSecurityInterceptor@6e31d989]
15:54:48.806 [main] INFO  o.s.s.c.ThreadPoolTaskExecutor - Initializing ExecutorService 'applicationTaskExecutor'
15:54:49.010 [main] INFO  o.s.b.w.e.tomcat.TomcatWebServer - Tomcat started on port(s): 8080 (http) with context path '/api'
15:54:49.020 [main] INFO  cl.bitsoft.vicky.Application - Started Application in 2.658 seconds (JVM running for 3.189)
